七月 07, 2018 11:08:13 下午 org.apache.catalina.startup.VersionLoggerListener log
信息: Server version:        Apache Tomcat/7.0.70
七月 07, 2018 11:08:13 下午 org.apache.catalina.startup.VersionLoggerListener log
信息: Server built:          Jun 15 2016 16:27:45 UTC
七月 07, 2018 11:08:13 下午 org.apache.catalina.startup.VersionLoggerListener log
信息: Server number:         7.0.70.0
七月 07, 2018 11:08:13 下午 org.apache.catalina.startup.VersionLoggerListener log
信息: OS Name:               Windows 7
七月 07, 2018 11:08:13 下午 org.apache.catalina.startup.VersionLoggerListener log
信息: OS Version:            6.1
七月 07, 2018 11:08:13 下午 org.apache.catalina.startup.VersionLoggerListener log
信息: Architecture:          amd64
七月 07, 2018 11:08:13 下午 org.apache.catalina.startup.VersionLoggerListener log
信息: Java Home:             F:\JavaHome\jdk1.8.0_171\jre
七月 07, 2018 11:08:13 下午 org.apache.catalina.startup.VersionLoggerListener log
信息: JVM Version:           1.8.0_171-b11
七月 07, 2018 11:08:13 下午 org.apache.catalina.startup.VersionLoggerListener log
信息: JVM Vendor:            Oracle Corporation
七月 07, 2018 11:08:13 下午 org.apache.catalina.startup.VersionLoggerListener log
信息: CATALINA_BASE:         F:\eclipse-workspace\client\tomcat\apache-tomcat-7.0.70
七月 07, 2018 11:08:13 下午 org.apache.catalina.startup.VersionLoggerListener log
信息: CATALINA_HOME:         F:\eclipse-workspace\client\tomcat\apache-tomcat-7.0.70
七月 07, 2018 11:08:13 下午 org.apache.catalina.startup.VersionLoggerListener log
信息: Command line argument: -Djdk.tls.ephemeralDHKeySize=2048
七月 07, 2018 11:08:13 下午 org.apache.catalina.startup.VersionLoggerListener log
信息: Command line argument: -Djava.util.logging.config.file=F:\eclipse-workspace\client\tomcat\apache-tomcat-7.0.70\conf\logging.properties
七月 07, 2018 11:08:13 下午 org.apache.catalina.startup.VersionLoggerListener log
信息: Command line argument: -Djava.util.logging.manager=org.apache.juli.ClassLoaderLogManager
七月 07, 2018 11:08:13 下午 org.apache.catalina.startup.VersionLoggerListener log
信息: Command line argument: -Djava.endorsed.dirs=F:\eclipse-workspace\client\tomcat\apache-tomcat-7.0.70\endorsed
七月 07, 2018 11:08:14 下午 org.apache.catalina.startup.VersionLoggerListener log
信息: Command line argument: -Dcatalina.base=F:\eclipse-workspace\client\tomcat\apache-tomcat-7.0.70
七月 07, 2018 11:08:14 下午 org.apache.catalina.startup.VersionLoggerListener log
信息: Command line argument: -Dcatalina.home=F:\eclipse-workspace\client\tomcat\apache-tomcat-7.0.70
七月 07, 2018 11:08:14 下午 org.apache.catalina.startup.VersionLoggerListener log
信息: Command line argument: -Djava.io.tmpdir=F:\eclipse-workspace\client\tomcat\apache-tomcat-7.0.70\temp
七月 07, 2018 11:08:14 下午 org.apache.catalina.core.AprLifecycleListener lifecycleEvent
信息: The APR based Apache Tomcat Native library which allows optimal performance in production environments was not found on the java.library.path: F:\JavaHome\jdk1.8.0_171\bin;C:\Windows\Sun\Java\bin;C:\Windows\system32;C:\Windows;C:\ProgramData\Oracle\Java\javapath;F:\app\Administrator\product\11.2.0\dbhome_1\bin;G:\apache-maven-3.3.9\bin;SystemRootRoot%;C:\Windows\System32\Wbem;C:\Windows\System32\WindowsPowerShell\v1.0\;D:\Program Files\MySQL\MySQL Server 5.5\bin\bin;C:\Windows\system32;C:\Windows;C:\Program Files\Lenovo\Bluetooth Software\;C:\Program Files\Lenovo\Bluetooth Software\syswow64;F:\VisualSVN_Server\bin;F:\JavaHome\jdk1.8.0_171;F:\JavaHome\jdk1.8.0_171\bin;F:\TortoiseSVN\bin;F:\Git\cmd;F:\TortoidseGit\bin;F:\Python27;F:\JavaHome\Java\bin;F:\SSH Secure Shell;.
七月 07, 2018 11:08:15 下午 org.apache.coyote.AbstractProtocol init
信息: Initializing ProtocolHandler ["http-bio-8080"]
七月 07, 2018 11:08:15 下午 org.apache.coyote.AbstractProtocol init
信息: Initializing ProtocolHandler ["ajp-bio-8009"]
七月 07, 2018 11:08:15 下午 org.apache.catalina.startup.Catalina load
信息: Initialization processed in 2073 ms
七月 07, 2018 11:08:15 下午 org.apache.catalina.core.StandardService startInternal
信息: Starting service Catalina
七月 07, 2018 11:08:15 下午 org.apache.catalina.core.StandardEngine startInternal
信息: Starting Servlet Engine: Apache Tomcat/7.0.70
七月 07, 2018 11:08:15 下午 org.apache.catalina.startup.HostConfig deployDirectory
信息: Deploying web application directory F:\eclipse-workspace\client\tomcat\apache-tomcat-7.0.70\webapps\css
七月 07, 2018 11:08:16 下午 org.apache.catalina.util.SessionIdGeneratorBase createSecureRandom
信息: Creation of SecureRandom instance for session ID generation using [SHA1PRNG] took [484] milliseconds.
七月 07, 2018 11:08:16 下午 org.apache.catalina.startup.HostConfig deployDirectory
信息: Deployment of web application directory F:\eclipse-workspace\client\tomcat\apache-tomcat-7.0.70\webapps\css has finished in 1,181 ms
七月 07, 2018 11:08:16 下午 org.apache.catalina.startup.HostConfig deployDirectory
信息: Deploying web application directory F:\eclipse-workspace\client\tomcat\apache-tomcat-7.0.70\webapps\js
七月 07, 2018 11:08:16 下午 org.apache.catalina.startup.HostConfig deployDirectory
信息: Deployment of web application directory F:\eclipse-workspace\client\tomcat\apache-tomcat-7.0.70\webapps\js has finished in 130 ms
七月 07, 2018 11:08:16 下午 org.apache.coyote.AbstractProtocol start
信息: Starting ProtocolHandler ["http-bio-8080"]
七月 07, 2018 11:08:16 下午 org.apache.coyote.AbstractProtocol start
信息: Starting ProtocolHandler ["ajp-bio-8009"]
七月 07, 2018 11:08:16 下午 org.apache.catalina.startup.Catalina start
信息: Server startup in 1491 ms
七月 07, 2018 11:10:30 下午 org.apache.catalina.startup.VersionLoggerListener log
信息: Server version:        Apache Tomcat/7.0.70
七月 07, 2018 11:10:30 下午 org.apache.catalina.startup.VersionLoggerListener log
信息: Server built:          Jun 15 2016 16:27:45 UTC
七月 07, 2018 11:10:30 下午 org.apache.catalina.startup.VersionLoggerListener log
信息: Server number:         7.0.70.0
七月 07, 2018 11:10:30 下午 org.apache.catalina.startup.VersionLoggerListener log
信息: OS Name:               Windows 7
七月 07, 2018 11:10:30 下午 org.apache.catalina.startup.VersionLoggerListener log
信息: OS Version:            6.1
七月 07, 2018 11:10:30 下午 org.apache.catalina.startup.VersionLoggerListener log
信息: Architecture:          amd64
七月 07, 2018 11:10:30 下午 org.apache.catalina.startup.VersionLoggerListener log
信息: Java Home:             F:\JavaHome\jdk1.8.0_171\jre
七月 07, 2018 11:10:30 下午 org.apache.catalina.startup.VersionLoggerListener log
信息: JVM Version:           1.8.0_171-b11
七月 07, 2018 11:10:30 下午 org.apache.catalina.startup.VersionLoggerListener log
信息: JVM Vendor:            Oracle Corporation
七月 07, 2018 11:10:30 下午 org.apache.catalina.startup.VersionLoggerListener log
信息: CATALINA_BASE:         F:\eclipse-workspace\client\tomcat\apache-tomcat-7.0.70
七月 07, 2018 11:10:30 下午 org.apache.catalina.startup.VersionLoggerListener log
信息: CATALINA_HOME:         F:\eclipse-workspace\client\tomcat\apache-tomcat-7.0.70
七月 07, 2018 11:10:30 下午 org.apache.catalina.startup.VersionLoggerListener log
信息: Command line argument: -Djdk.tls.ephemeralDHKeySize=2048
七月 07, 2018 11:10:30 下午 org.apache.catalina.startup.VersionLoggerListener log
信息: Command line argument: -Djava.util.logging.config.file=F:\eclipse-workspace\client\tomcat\apache-tomcat-7.0.70\conf\logging.properties
七月 07, 2018 11:10:30 下午 org.apache.catalina.startup.VersionLoggerListener log
信息: Command line argument: -Djava.util.logging.manager=org.apache.juli.ClassLoaderLogManager
七月 07, 2018 11:10:30 下午 org.apache.catalina.startup.VersionLoggerListener log
信息: Command line argument: -Djava.endorsed.dirs=F:\eclipse-workspace\client\tomcat\apache-tomcat-7.0.70\endorsed
七月 07, 2018 11:10:30 下午 org.apache.catalina.startup.VersionLoggerListener log
信息: Command line argument: -Dcatalina.base=F:\eclipse-workspace\client\tomcat\apache-tomcat-7.0.70
七月 07, 2018 11:10:30 下午 org.apache.catalina.startup.VersionLoggerListener log
信息: Command line argument: -Dcatalina.home=F:\eclipse-workspace\client\tomcat\apache-tomcat-7.0.70
七月 07, 2018 11:10:30 下午 org.apache.catalina.startup.VersionLoggerListener log
信息: Command line argument: -Djava.io.tmpdir=F:\eclipse-workspace\client\tomcat\apache-tomcat-7.0.70\temp
七月 07, 2018 11:10:30 下午 org.apache.catalina.core.AprLifecycleListener lifecycleEvent
信息: The APR based Apache Tomcat Native library which allows optimal performance in production environments was not found on the java.library.path: F:\JavaHome\jdk1.8.0_171\bin;C:\Windows\Sun\Java\bin;C:\Windows\system32;C:\Windows;C:\ProgramData\Oracle\Java\javapath;F:\app\Administrator\product\11.2.0\dbhome_1\bin;G:\apache-maven-3.3.9\bin;SystemRootRoot%;C:\Windows\System32\Wbem;C:\Windows\System32\WindowsPowerShell\v1.0\;D:\Program Files\MySQL\MySQL Server 5.5\bin\bin;C:\Windows\system32;C:\Windows;C:\Program Files\Lenovo\Bluetooth Software\;C:\Program Files\Lenovo\Bluetooth Software\syswow64;F:\VisualSVN_Server\bin;F:\JavaHome\jdk1.8.0_171;F:\JavaHome\jdk1.8.0_171\bin;F:\TortoiseSVN\bin;F:\Git\cmd;F:\TortoidseGit\bin;F:\Python27;F:\JavaHome\Java\bin;F:\SSH Secure Shell;.
七月 07, 2018 11:10:30 下午 org.apache.coyote.AbstractProtocol init
信息: Initializing ProtocolHandler ["http-bio-8080"]
七月 07, 2018 11:10:30 下午 org.apache.coyote.AbstractProtocol init
信息: Initializing ProtocolHandler ["ajp-bio-8009"]
七月 07, 2018 11:10:30 下午 org.apache.catalina.startup.Catalina load
信息: Initialization processed in 918 ms
七月 07, 2018 11:10:30 下午 org.apache.catalina.core.StandardService startInternal
信息: Starting service Catalina
七月 07, 2018 11:10:30 下午 org.apache.catalina.core.StandardEngine startInternal
信息: Starting Servlet Engine: Apache Tomcat/7.0.70
七月 07, 2018 11:10:30 下午 org.apache.catalina.startup.HostConfig deployDirectory
信息: Deploying web application directory F:\eclipse-workspace\client\tomcat\apache-tomcat-7.0.70\webapps\controller
七月 07, 2018 11:10:32 下午 org.apache.catalina.startup.TldConfig execute
信息: At least one JAR was scanned for TLDs yet contained no TLDs. Enable debug logging for this logger for a complete list of JARs that were scanned but no TLDs were found in them. Skipping unneeded JARs during scanning can improve startup time and JSP compilation time.
七月 07, 2018 11:10:33 下午 org.apache.catalina.util.SessionIdGeneratorBase createSecureRandom
信息: Creation of SecureRandom instance for session ID generation using [SHA1PRNG] took [518] milliseconds.
七月 07, 2018 11:10:35 下午 org.apache.catalina.startup.HostConfig deployDirectory
信息: Deployment of web application directory F:\eclipse-workspace\client\tomcat\apache-tomcat-7.0.70\webapps\controller has finished in 5,336 ms
七月 07, 2018 11:10:35 下午 org.apache.coyote.AbstractProtocol start
信息: Starting ProtocolHandler ["http-bio-8080"]
七月 07, 2018 11:10:35 下午 org.apache.coyote.AbstractProtocol start
信息: Starting ProtocolHandler ["ajp-bio-8009"]
七月 07, 2018 11:10:35 下午 org.apache.catalina.startup.Catalina start
信息: Server startup in 5414 ms
七月 07, 2018 11:12:01 下午 org.apache.catalina.startup.VersionLoggerListener log
信息: Server version:        Apache Tomcat/7.0.70
七月 07, 2018 11:12:01 下午 org.apache.catalina.startup.VersionLoggerListener log
信息: Server built:          Jun 15 2016 16:27:45 UTC
七月 07, 2018 11:12:01 下午 org.apache.catalina.startup.VersionLoggerListener log
信息: Server number:         7.0.70.0
七月 07, 2018 11:12:01 下午 org.apache.catalina.startup.VersionLoggerListener log
信息: OS Name:               Windows 7
七月 07, 2018 11:12:01 下午 org.apache.catalina.startup.VersionLoggerListener log
信息: OS Version:            6.1
七月 07, 2018 11:12:01 下午 org.apache.catalina.startup.VersionLoggerListener log
信息: Architecture:          amd64
七月 07, 2018 11:12:01 下午 org.apache.catalina.startup.VersionLoggerListener log
信息: Java Home:             F:\JavaHome\jdk1.8.0_171\jre
七月 07, 2018 11:12:01 下午 org.apache.catalina.startup.VersionLoggerListener log
信息: JVM Version:           1.8.0_171-b11
七月 07, 2018 11:12:01 下午 org.apache.catalina.startup.VersionLoggerListener log
信息: JVM Vendor:            Oracle Corporation
七月 07, 2018 11:12:01 下午 org.apache.catalina.startup.VersionLoggerListener log
信息: CATALINA_BASE:         F:\eclipse-workspace\client\tomcat\apache-tomcat-7.0.70
七月 07, 2018 11:12:01 下午 org.apache.catalina.startup.VersionLoggerListener log
信息: CATALINA_HOME:         F:\eclipse-workspace\client\tomcat\apache-tomcat-7.0.70
七月 07, 2018 11:12:01 下午 org.apache.catalina.startup.VersionLoggerListener log
信息: Command line argument: -Djdk.tls.ephemeralDHKeySize=2048
七月 07, 2018 11:12:01 下午 org.apache.catalina.startup.VersionLoggerListener log
信息: Command line argument: -Djava.util.logging.config.file=F:\eclipse-workspace\client\tomcat\apache-tomcat-7.0.70\conf\logging.properties
七月 07, 2018 11:12:01 下午 org.apache.catalina.startup.VersionLoggerListener log
信息: Command line argument: -Djava.util.logging.manager=org.apache.juli.ClassLoaderLogManager
七月 07, 2018 11:12:01 下午 org.apache.catalina.startup.VersionLoggerListener log
信息: Command line argument: -Djava.endorsed.dirs=F:\eclipse-workspace\client\tomcat\apache-tomcat-7.0.70\endorsed
七月 07, 2018 11:12:01 下午 org.apache.catalina.startup.VersionLoggerListener log
信息: Command line argument: -Dcatalina.base=F:\eclipse-workspace\client\tomcat\apache-tomcat-7.0.70
七月 07, 2018 11:12:01 下午 org.apache.catalina.startup.VersionLoggerListener log
信息: Command line argument: -Dcatalina.home=F:\eclipse-workspace\client\tomcat\apache-tomcat-7.0.70
七月 07, 2018 11:12:01 下午 org.apache.catalina.startup.VersionLoggerListener log
信息: Command line argument: -Djava.io.tmpdir=F:\eclipse-workspace\client\tomcat\apache-tomcat-7.0.70\temp
七月 07, 2018 11:12:01 下午 org.apache.catalina.core.AprLifecycleListener lifecycleEvent
信息: The APR based Apache Tomcat Native library which allows optimal performance in production environments was not found on the java.library.path: F:\JavaHome\jdk1.8.0_171\bin;C:\Windows\Sun\Java\bin;C:\Windows\system32;C:\Windows;C:\ProgramData\Oracle\Java\javapath;F:\app\Administrator\product\11.2.0\dbhome_1\bin;G:\apache-maven-3.3.9\bin;SystemRootRoot%;C:\Windows\System32\Wbem;C:\Windows\System32\WindowsPowerShell\v1.0\;D:\Program Files\MySQL\MySQL Server 5.5\bin\bin;C:\Windows\system32;C:\Windows;C:\Program Files\Lenovo\Bluetooth Software\;C:\Program Files\Lenovo\Bluetooth Software\syswow64;F:\VisualSVN_Server\bin;F:\JavaHome\jdk1.8.0_171;F:\JavaHome\jdk1.8.0_171\bin;F:\TortoiseSVN\bin;F:\Git\cmd;F:\TortoidseGit\bin;F:\Python27;F:\JavaHome\Java\bin;F:\SSH Secure Shell;.
七月 07, 2018 11:12:01 下午 org.apache.coyote.AbstractProtocol init
信息: Initializing ProtocolHandler ["http-bio-8080"]
七月 07, 2018 11:12:01 下午 org.apache.coyote.AbstractProtocol init
信息: Initializing ProtocolHandler ["ajp-bio-8009"]
七月 07, 2018 11:12:01 下午 org.apache.catalina.startup.Catalina load
信息: Initialization processed in 909 ms
七月 07, 2018 11:12:01 下午 org.apache.catalina.core.StandardService startInternal
信息: Starting service Catalina
七月 07, 2018 11:12:01 下午 org.apache.catalina.core.StandardEngine startInternal
信息: Starting Servlet Engine: Apache Tomcat/7.0.70
七月 07, 2018 11:12:01 下午 org.apache.catalina.startup.HostConfig deployDirectory
信息: Deploying web application directory F:\eclipse-workspace\client\tomcat\apache-tomcat-7.0.70\webapps\ROOT
七月 07, 2018 11:12:02 下午 org.apache.catalina.util.SessionIdGeneratorBase createSecureRandom
信息: Creation of SecureRandom instance for session ID generation using [SHA1PRNG] took [485] milliseconds.
七月 07, 2018 11:12:02 下午 org.apache.catalina.startup.HostConfig deployDirectory
信息: Deployment of web application directory F:\eclipse-workspace\client\tomcat\apache-tomcat-7.0.70\webapps\ROOT has finished in 938 ms
七月 07, 2018 11:12:02 下午 org.apache.coyote.AbstractProtocol start
信息: Starting ProtocolHandler ["http-bio-8080"]
七月 07, 2018 11:12:02 下午 org.apache.coyote.AbstractProtocol start
信息: Starting ProtocolHandler ["ajp-bio-8009"]
七月 07, 2018 11:12:02 下午 org.apache.catalina.startup.Catalina start
信息: Server startup in 1054 ms
七月 07, 2018 11:12:48 下午 org.apache.catalina.startup.VersionLoggerListener log
信息: Server version:        Apache Tomcat/7.0.70
七月 07, 2018 11:12:48 下午 org.apache.catalina.startup.VersionLoggerListener log
信息: Server built:          Jun 15 2016 16:27:45 UTC
七月 07, 2018 11:12:48 下午 org.apache.catalina.startup.VersionLoggerListener log
信息: Server number:         7.0.70.0
七月 07, 2018 11:12:48 下午 org.apache.catalina.startup.VersionLoggerListener log
信息: OS Name:               Windows 7
七月 07, 2018 11:12:48 下午 org.apache.catalina.startup.VersionLoggerListener log
信息: OS Version:            6.1
七月 07, 2018 11:12:48 下午 org.apache.catalina.startup.VersionLoggerListener log
信息: Architecture:          amd64
七月 07, 2018 11:12:48 下午 org.apache.catalina.startup.VersionLoggerListener log
信息: Java Home:             F:\JavaHome\jdk1.8.0_171\jre
七月 07, 2018 11:12:48 下午 org.apache.catalina.startup.VersionLoggerListener log
信息: JVM Version:           1.8.0_171-b11
七月 07, 2018 11:12:48 下午 org.apache.catalina.startup.VersionLoggerListener log
信息: JVM Vendor:            Oracle Corporation
七月 07, 2018 11:12:48 下午 org.apache.catalina.startup.VersionLoggerListener log
信息: CATALINA_BASE:         F:\eclipse-workspace\client\tomcat\apache-tomcat-7.0.70
七月 07, 2018 11:12:48 下午 org.apache.catalina.startup.VersionLoggerListener log
信息: CATALINA_HOME:         F:\eclipse-workspace\client\tomcat\apache-tomcat-7.0.70
七月 07, 2018 11:12:48 下午 org.apache.catalina.startup.VersionLoggerListener log
信息: Command line argument: -Djdk.tls.ephemeralDHKeySize=2048
七月 07, 2018 11:12:48 下午 org.apache.catalina.startup.VersionLoggerListener log
信息: Command line argument: -Djava.util.logging.config.file=F:\eclipse-workspace\client\tomcat\apache-tomcat-7.0.70\conf\logging.properties
七月 07, 2018 11:12:48 下午 org.apache.catalina.startup.VersionLoggerListener log
信息: Command line argument: -Djava.util.logging.manager=org.apache.juli.ClassLoaderLogManager
七月 07, 2018 11:12:48 下午 org.apache.catalina.startup.VersionLoggerListener log
信息: Command line argument: -Djava.endorsed.dirs=F:\eclipse-workspace\client\tomcat\apache-tomcat-7.0.70\endorsed
七月 07, 2018 11:12:48 下午 org.apache.catalina.startup.VersionLoggerListener log
信息: Command line argument: -Dcatalina.base=F:\eclipse-workspace\client\tomcat\apache-tomcat-7.0.70
七月 07, 2018 11:12:48 下午 org.apache.catalina.startup.VersionLoggerListener log
信息: Command line argument: -Dcatalina.home=F:\eclipse-workspace\client\tomcat\apache-tomcat-7.0.70
七月 07, 2018 11:12:48 下午 org.apache.catalina.startup.VersionLoggerListener log
信息: Command line argument: -Djava.io.tmpdir=F:\eclipse-workspace\client\tomcat\apache-tomcat-7.0.70\temp
七月 07, 2018 11:12:48 下午 org.apache.catalina.core.AprLifecycleListener lifecycleEvent
信息: The APR based Apache Tomcat Native library which allows optimal performance in production environments was not found on the java.library.path: F:\JavaHome\jdk1.8.0_171\bin;C:\Windows\Sun\Java\bin;C:\Windows\system32;C:\Windows;C:\ProgramData\Oracle\Java\javapath;F:\app\Administrator\product\11.2.0\dbhome_1\bin;G:\apache-maven-3.3.9\bin;SystemRootRoot%;C:\Windows\System32\Wbem;C:\Windows\System32\WindowsPowerShell\v1.0\;D:\Program Files\MySQL\MySQL Server 5.5\bin\bin;C:\Windows\system32;C:\Windows;C:\Program Files\Lenovo\Bluetooth Software\;C:\Program Files\Lenovo\Bluetooth Software\syswow64;F:\VisualSVN_Server\bin;F:\JavaHome\jdk1.8.0_171;F:\JavaHome\jdk1.8.0_171\bin;F:\TortoiseSVN\bin;F:\Git\cmd;F:\TortoidseGit\bin;F:\Python27;F:\JavaHome\Java\bin;F:\SSH Secure Shell;.
七月 07, 2018 11:12:48 下午 org.apache.coyote.AbstractProtocol init
信息: Initializing ProtocolHandler ["http-bio-8080"]
七月 07, 2018 11:12:48 下午 org.apache.coyote.AbstractProtocol init
信息: Initializing ProtocolHandler ["ajp-bio-8009"]
七月 07, 2018 11:12:48 下午 org.apache.catalina.startup.Catalina load
信息: Initialization processed in 918 ms
七月 07, 2018 11:12:48 下午 org.apache.catalina.core.StandardService startInternal
信息: Starting service Catalina
七月 07, 2018 11:12:48 下午 org.apache.catalina.core.StandardEngine startInternal
信息: Starting Servlet Engine: Apache Tomcat/7.0.70
七月 07, 2018 11:12:48 下午 org.apache.catalina.startup.HostConfig deployDirectory
信息: Deploying web application directory F:\eclipse-workspace\client\tomcat\apache-tomcat-7.0.70\webapps\ROOT
七月 07, 2018 11:12:49 下午 org.apache.catalina.util.SessionIdGeneratorBase createSecureRandom
信息: Creation of SecureRandom instance for session ID generation using [SHA1PRNG] took [483] milliseconds.
七月 07, 2018 11:12:49 下午 org.apache.catalina.startup.HostConfig deployDirectory
信息: Deployment of web application directory F:\eclipse-workspace\client\tomcat\apache-tomcat-7.0.70\webapps\ROOT has finished in 922 ms
七月 07, 2018 11:12:49 下午 org.apache.coyote.AbstractProtocol start
信息: Starting ProtocolHandler ["http-bio-8080"]
七月 07, 2018 11:12:49 下午 org.apache.coyote.AbstractProtocol start
信息: Starting ProtocolHandler ["ajp-bio-8009"]
七月 07, 2018 11:12:49 下午 org.apache.catalina.startup.Catalina start
信息: Server startup in 1022 ms
七月 07, 2018 11:15:50 下午 org.apache.catalina.startup.VersionLoggerListener log
信息: Server version:        Apache Tomcat/7.0.70
七月 07, 2018 11:15:50 下午 org.apache.catalina.startup.VersionLoggerListener log
信息: Server built:          Jun 15 2016 16:27:45 UTC
七月 07, 2018 11:15:50 下午 org.apache.catalina.startup.VersionLoggerListener log
信息: Server number:         7.0.70.0
七月 07, 2018 11:15:50 下午 org.apache.catalina.startup.VersionLoggerListener log
信息: OS Name:               Windows 7
七月 07, 2018 11:15:50 下午 org.apache.catalina.startup.VersionLoggerListener log
信息: OS Version:            6.1
七月 07, 2018 11:15:50 下午 org.apache.catalina.startup.VersionLoggerListener log
信息: Architecture:          amd64
七月 07, 2018 11:15:50 下午 org.apache.catalina.startup.VersionLoggerListener log
信息: Java Home:             F:\JavaHome\jdk1.8.0_171\jre
七月 07, 2018 11:15:50 下午 org.apache.catalina.startup.VersionLoggerListener log
信息: JVM Version:           1.8.0_171-b11
七月 07, 2018 11:15:50 下午 org.apache.catalina.startup.VersionLoggerListener log
信息: JVM Vendor:            Oracle Corporation
七月 07, 2018 11:15:50 下午 org.apache.catalina.startup.VersionLoggerListener log
信息: CATALINA_BASE:         F:\eclipse-workspace\client\tomcat\apache-tomcat-7.0.70
七月 07, 2018 11:15:50 下午 org.apache.catalina.startup.VersionLoggerListener log
信息: CATALINA_HOME:         F:\eclipse-workspace\client\tomcat\apache-tomcat-7.0.70
七月 07, 2018 11:15:50 下午 org.apache.catalina.startup.VersionLoggerListener log
信息: Command line argument: -Djdk.tls.ephemeralDHKeySize=2048
七月 07, 2018 11:15:50 下午 org.apache.catalina.startup.VersionLoggerListener log
信息: Command line argument: -Djava.util.logging.config.file=F:\eclipse-workspace\client\tomcat\apache-tomcat-7.0.70\conf\logging.properties
七月 07, 2018 11:15:50 下午 org.apache.catalina.startup.VersionLoggerListener log
信息: Command line argument: -Djava.util.logging.manager=org.apache.juli.ClassLoaderLogManager
七月 07, 2018 11:15:50 下午 org.apache.catalina.startup.VersionLoggerListener log
信息: Command line argument: -Djava.endorsed.dirs=F:\eclipse-workspace\client\tomcat\apache-tomcat-7.0.70\endorsed
七月 07, 2018 11:15:50 下午 org.apache.catalina.startup.VersionLoggerListener log
信息: Command line argument: -Dcatalina.base=F:\eclipse-workspace\client\tomcat\apache-tomcat-7.0.70
七月 07, 2018 11:15:50 下午 org.apache.catalina.startup.VersionLoggerListener log
信息: Command line argument: -Dcatalina.home=F:\eclipse-workspace\client\tomcat\apache-tomcat-7.0.70
七月 07, 2018 11:15:50 下午 org.apache.catalina.startup.VersionLoggerListener log
信息: Command line argument: -Djava.io.tmpdir=F:\eclipse-workspace\client\tomcat\apache-tomcat-7.0.70\temp
七月 07, 2018 11:15:50 下午 org.apache.catalina.core.AprLifecycleListener lifecycleEvent
信息: The APR based Apache Tomcat Native library which allows optimal performance in production environments was not found on the java.library.path: F:\JavaHome\jdk1.8.0_171\bin;C:\Windows\Sun\Java\bin;C:\Windows\system32;C:\Windows;C:\ProgramData\Oracle\Java\javapath;F:\app\Administrator\product\11.2.0\dbhome_1\bin;G:\apache-maven-3.3.9\bin;SystemRootRoot%;C:\Windows\System32\Wbem;C:\Windows\System32\WindowsPowerShell\v1.0\;D:\Program Files\MySQL\MySQL Server 5.5\bin\bin;C:\Windows\system32;C:\Windows;C:\Program Files\Lenovo\Bluetooth Software\;C:\Program Files\Lenovo\Bluetooth Software\syswow64;F:\VisualSVN_Server\bin;F:\JavaHome\jdk1.8.0_171;F:\JavaHome\jdk1.8.0_171\bin;F:\TortoiseSVN\bin;F:\Git\cmd;F:\TortoidseGit\bin;F:\Python27;F:\JavaHome\Java\bin;F:\SSH Secure Shell;.
七月 07, 2018 11:15:51 下午 org.apache.coyote.AbstractProtocol init
信息: Initializing ProtocolHandler ["http-bio-8080"]
七月 07, 2018 11:15:51 下午 org.apache.coyote.AbstractProtocol init
信息: Initializing ProtocolHandler ["ajp-bio-8009"]
七月 07, 2018 11:15:51 下午 org.apache.catalina.startup.Catalina load
信息: Initialization processed in 928 ms
七月 07, 2018 11:15:51 下午 org.apache.catalina.core.StandardService startInternal
信息: Starting service Catalina
七月 07, 2018 11:15:51 下午 org.apache.catalina.core.StandardEngine startInternal
信息: Starting Servlet Engine: Apache Tomcat/7.0.70
七月 07, 2018 11:15:51 下午 org.apache.catalina.startup.HostConfig deployDirectory
信息: Deploying web application directory F:\eclipse-workspace\client\tomcat\apache-tomcat-7.0.70\webapps\ROOT
七月 07, 2018 11:15:52 下午 org.apache.catalina.util.SessionIdGeneratorBase createSecureRandom
信息: Creation of SecureRandom instance for session ID generation using [SHA1PRNG] took [485] milliseconds.
七月 07, 2018 11:15:52 下午 org.apache.catalina.startup.HostConfig deployDirectory
信息: Deployment of web application directory F:\eclipse-workspace\client\tomcat\apache-tomcat-7.0.70\webapps\ROOT has finished in 938 ms
七月 07, 2018 11:15:52 下午 org.apache.coyote.AbstractProtocol start
信息: Starting ProtocolHandler ["http-bio-8080"]
七月 07, 2018 11:15:52 下午 org.apache.coyote.AbstractProtocol start
信息: Starting ProtocolHandler ["ajp-bio-8009"]
七月 07, 2018 11:15:52 下午 org.apache.catalina.startup.Catalina start
信息: Server startup in 1058 ms
七月 07, 2018 11:16:41 下午 org.apache.catalina.startup.VersionLoggerListener log
信息: Server version:        Apache Tomcat/7.0.70
七月 07, 2018 11:16:41 下午 org.apache.catalina.startup.VersionLoggerListener log
信息: Server built:          Jun 15 2016 16:27:45 UTC
七月 07, 2018 11:16:41 下午 org.apache.catalina.startup.VersionLoggerListener log
信息: Server number:         7.0.70.0
七月 07, 2018 11:16:41 下午 org.apache.catalina.startup.VersionLoggerListener log
信息: OS Name:               Windows 7
七月 07, 2018 11:16:41 下午 org.apache.catalina.startup.VersionLoggerListener log
信息: OS Version:            6.1
七月 07, 2018 11:16:41 下午 org.apache.catalina.startup.VersionLoggerListener log
信息: Architecture:          amd64
七月 07, 2018 11:16:41 下午 org.apache.catalina.startup.VersionLoggerListener log
信息: Java Home:             F:\JavaHome\jdk1.8.0_171\jre
七月 07, 2018 11:16:41 下午 org.apache.catalina.startup.VersionLoggerListener log
信息: JVM Version:           1.8.0_171-b11
七月 07, 2018 11:16:41 下午 org.apache.catalina.startup.VersionLoggerListener log
信息: JVM Vendor:            Oracle Corporation
七月 07, 2018 11:16:41 下午 org.apache.catalina.startup.VersionLoggerListener log
信息: CATALINA_BASE:         F:\eclipse-workspace\client\tomcat\apache-tomcat-7.0.70
七月 07, 2018 11:16:41 下午 org.apache.catalina.startup.VersionLoggerListener log
信息: CATALINA_HOME:         F:\eclipse-workspace\client\tomcat\apache-tomcat-7.0.70
七月 07, 2018 11:16:41 下午 org.apache.catalina.startup.VersionLoggerListener log
信息: Command line argument: -Djdk.tls.ephemeralDHKeySize=2048
七月 07, 2018 11:16:41 下午 org.apache.catalina.startup.VersionLoggerListener log
信息: Command line argument: -Djava.util.logging.config.file=F:\eclipse-workspace\client\tomcat\apache-tomcat-7.0.70\conf\logging.properties
七月 07, 2018 11:16:41 下午 org.apache.catalina.startup.VersionLoggerListener log
信息: Command line argument: -Djava.util.logging.manager=org.apache.juli.ClassLoaderLogManager
七月 07, 2018 11:16:41 下午 org.apache.catalina.startup.VersionLoggerListener log
信息: Command line argument: -Djava.endorsed.dirs=F:\eclipse-workspace\client\tomcat\apache-tomcat-7.0.70\endorsed
七月 07, 2018 11:16:41 下午 org.apache.catalina.startup.VersionLoggerListener log
信息: Command line argument: -Dcatalina.base=F:\eclipse-workspace\client\tomcat\apache-tomcat-7.0.70
七月 07, 2018 11:16:41 下午 org.apache.catalina.startup.VersionLoggerListener log
信息: Command line argument: -Dcatalina.home=F:\eclipse-workspace\client\tomcat\apache-tomcat-7.0.70
七月 07, 2018 11:16:41 下午 org.apache.catalina.startup.VersionLoggerListener log
信息: Command line argument: -Djava.io.tmpdir=F:\eclipse-workspace\client\tomcat\apache-tomcat-7.0.70\temp
七月 07, 2018 11:16:41 下午 org.apache.catalina.core.AprLifecycleListener lifecycleEvent
信息: The APR based Apache Tomcat Native library which allows optimal performance in production environments was not found on the java.library.path: F:\JavaHome\jdk1.8.0_171\bin;C:\Windows\Sun\Java\bin;C:\Windows\system32;C:\Windows;C:\ProgramData\Oracle\Java\javapath;F:\app\Administrator\product\11.2.0\dbhome_1\bin;G:\apache-maven-3.3.9\bin;SystemRootRoot%;C:\Windows\System32\Wbem;C:\Windows\System32\WindowsPowerShell\v1.0\;D:\Program Files\MySQL\MySQL Server 5.5\bin\bin;C:\Windows\system32;C:\Windows;C:\Program Files\Lenovo\Bluetooth Software\;C:\Program Files\Lenovo\Bluetooth Software\syswow64;F:\VisualSVN_Server\bin;F:\JavaHome\jdk1.8.0_171;F:\JavaHome\jdk1.8.0_171\bin;F:\TortoiseSVN\bin;F:\Git\cmd;F:\TortoidseGit\bin;F:\Python27;F:\JavaHome\Java\bin;F:\SSH Secure Shell;.
七月 07, 2018 11:16:41 下午 org.apache.coyote.AbstractProtocol init
信息: Initializing ProtocolHandler ["http-bio-8080"]
七月 07, 2018 11:16:41 下午 org.apache.coyote.AbstractProtocol init
信息: Initializing ProtocolHandler ["ajp-bio-8009"]
七月 07, 2018 11:16:41 下午 org.apache.catalina.startup.Catalina load
信息: Initialization processed in 935 ms
七月 07, 2018 11:16:41 下午 org.apache.catalina.core.StandardService startInternal
信息: Starting service Catalina
七月 07, 2018 11:16:41 下午 org.apache.catalina.core.StandardEngine startInternal
信息: Starting Servlet Engine: Apache Tomcat/7.0.70
七月 07, 2018 11:16:41 下午 org.apache.catalina.startup.HostConfig deployDirectory
信息: Deploying web application directory F:\eclipse-workspace\client\tomcat\apache-tomcat-7.0.70\webapps\controller
七月 07, 2018 11:16:43 下午 org.apache.catalina.startup.TldConfig execute
信息: At least one JAR was scanned for TLDs yet contained no TLDs. Enable debug logging for this logger for a complete list of JARs that were scanned but no TLDs were found in them. Skipping unneeded JARs during scanning can improve startup time and JSP compilation time.
七月 07, 2018 11:16:44 下午 org.apache.catalina.util.SessionIdGeneratorBase createSecureRandom
信息: Creation of SecureRandom instance for session ID generation using [SHA1PRNG] took [547] milliseconds.
七月 07, 2018 11:16:47 下午 org.apache.catalina.startup.HostConfig deployDirectory
信息: Deployment of web application directory F:\eclipse-workspace\client\tomcat\apache-tomcat-7.0.70\webapps\controller has finished in 5,402 ms
七月 07, 2018 11:16:47 下午 org.apache.catalina.startup.HostConfig deployDirectory
信息: Deploying web application directory F:\eclipse-workspace\client\tomcat\apache-tomcat-7.0.70\webapps\ROOT
七月 07, 2018 11:16:47 下午 org.apache.catalina.startup.HostConfig deployDirectory
信息: Deployment of web application directory F:\eclipse-workspace\client\tomcat\apache-tomcat-7.0.70\webapps\ROOT has finished in 62 ms
七月 07, 2018 11:16:47 下午 org.apache.coyote.AbstractProtocol start
信息: Starting ProtocolHandler ["http-bio-8080"]
七月 07, 2018 11:16:47 下午 org.apache.coyote.AbstractProtocol start
信息: Starting ProtocolHandler ["ajp-bio-8009"]
七月 07, 2018 11:16:47 下午 org.apache.catalina.startup.Catalina start
信息: Server startup in 5562 ms
